<?xml version="1.0" encoding="UTF-8"?>
<!-- Generated by org.testng.reporters.JUnitReportReporter -->
<testsuite skipped="0" hostname="W1651570" name="com.csd.testcases.FirstTenHotelsTest" tests="1" failures="0" timestamp="01 Mar 2018 09:51:57 GMT" time="69.820" errors="0">
  <testcase name="viewFirstTenHotelsTest" time="69.820" classname="com.csd.testcases.FirstTenHotelsTest"/>
</testsuite> <!-- com.csd.testcases.FirstTenHotelsTest -->
