<?xml version="1.0" encoding="UTF-8"?>
<!-- Generated by org.testng.reporters.JUnitReportReporter -->
<testsuite skipped="0" hostname="W1651570" name="com.csd.CSDNewIncidentPageTest" tests="1" failures="0" timestamp="19 Jan 2018 06:57:43 GMT" time="25.392" errors="0">
  <testcase name="addNewIncidentTest" time="25.392" classname="com.csd.CSDNewIncidentPageTest"/>
</testsuite> <!-- com.csd.CSDNewIncidentPageTest -->
