<?xml version="1.0" encoding="UTF-8"?>
<!-- Generated by org.testng.reporters.JUnitReportReporter -->
<testsuite skipped="0" hostname="W1651570" name="com.csd.testcases.CSDIncidentContractPageTest" tests="1" failures="0" timestamp="06 Feb 2018 13:34:34 GMT" time="28.176" errors="0">
  <testcase name="showIncidentContractsTest" time="28.176" classname="com.csd.testcases.CSDIncidentContractPageTest"/>
</testsuite> <!-- com.csd.testcases.CSDIncidentContractPageTest -->
