<?xml version="1.0" encoding="UTF-8"?>
<!-- Generated by org.testng.reporters.JUnitReportReporter -->
<testsuite skipped="0" hostname="W1651570" name="com.csd.FirstTest" tests="2" failures="0" timestamp="25 Dec 2017 18:00:16 GMT" time="18.335" errors="0">
  <testcase name="SecondTestMethod" time="5.164" classname="com.csd.FirstTest"/>
  <testcase name="firstTestMethod" time="13.171" classname="com.csd.FirstTest"/>
</testsuite> <!-- com.csd.FirstTest -->
