<?xml version="1.0" encoding="UTF-8"?>
<!-- Generated by org.testng.reporters.JUnitReportReporter -->
<testsuite skipped="0" hostname="W1651570" name="com.csd.CSDHomePageTest" tests="3" failures="0" timestamp="05 Feb 2018 10:42:40 GMT" time="2.286" errors="0">
  <testcase name="verifyHomePageTitleTest" time="2.175" classname="com.csd.CSDHomePageTest"/>
  <testcase name="verifyLogoutBtnExist" time="0.047" classname="com.csd.CSDHomePageTest"/>
  <testcase name="verifyPreferencesBtnExist" time="0.064" classname="com.csd.CSDHomePageTest"/>
</testsuite> <!-- com.csd.CSDHomePageTest -->
