<?xml version="1.0" encoding="UTF-8"?>
<!-- Generated by org.testng.reporters.JUnitReportReporter -->
<testsuite skipped="0" hostname="W1651570" name="com.csd.CSDIncidentDetailsPage" tests="2" failures="0" timestamp="23 Jan 2018 13:16:24 GMT" time="0.118" errors="0">
  <testcase name="showIncidentNameandTimeTest" time="0.066" classname="com.csd.CSDIncidentDetailsPage"/>
  <testcase name="showMessageSentFromIncidentTest" time="0.052" classname="com.csd.CSDIncidentDetailsPage"/>
</testsuite> <!-- com.csd.CSDIncidentDetailsPage -->
