<?xml version="1.0" encoding="UTF-8"?>
<!-- Generated by org.testng.reporters.JUnitReportReporter -->
<testsuite skipped="0" hostname="W1651570" name="com.csd.AssociateLoginPageTest" tests="2" failures="0" timestamp="28 Dec 2017 13:06:36 GMT" time="38.875" errors="0">
  <testcase name="associateLoginPageTitleTest" time="14.852" classname="com.csd.AssociateLoginPageTest"/>
  <testcase name="loginTest" time="24.023" classname="com.csd.AssociateLoginPageTest"/>
</testsuite> <!-- com.csd.AssociateLoginPageTest -->
