<?xml version="1.0" encoding="UTF-8"?>
<!-- Generated by org.testng.reporters.JUnitReportReporter -->
<testsuite skipped="0" hostname="W1651570" name="com.csd.CSDContractsPageTest" tests="2" failures="0" timestamp="02 Jan 2018 10:31:43 GMT" time="40.221" errors="0">
  <testcase name="verifyContractsPageLabel" time="20.557" classname="com.csd.CSDContractsPageTest"/>
  <testcase name="selectContractTest" time="19.664" classname="com.csd.CSDContractsPageTest"/>
</testsuite> <!-- com.csd.CSDContractsPageTest -->
