<?xml version="1.0" encoding="UTF-8"?>
<!-- Generated by org.testng.reporters.JUnitReportReporter -->
<testsuite skipped="0" hostname="W1651570" name="com.csd.testcases.CSDNewIncidentPageTest" tests="2" failures="0" timestamp="06 Feb 2018 12:11:40 GMT" time="53.006" errors="0">
  <testcase name="validateCreateNewIncidentTest" time="26.016" classname="com.csd.testcases.CSDNewIncidentPageTest"/>
  <testcase name="validateCreateNewIncidentTest" time="26.990" classname="com.csd.testcases.CSDNewIncidentPageTest"/>
</testsuite> <!-- com.csd.testcases.CSDNewIncidentPageTest -->
