<?xml version="1.0" encoding="UTF-8"?>
<!-- Generated by org.testng.reporters.JUnitReportReporter -->
<testsuite skipped="0" hostname="W1651570" name="com.csd.testcases.CSDIncidentDetailsPage" tests="2" failures="0" timestamp="07 Feb 2018 08:22:51 GMT" time="0.164" errors="0">
  <testcase name="showMessageSentFromIncidentTest" time="0.082" classname="com.csd.testcases.CSDIncidentDetailsPage"/>
  <testcase name="showIncidentNameandTimeTest" time="0.082" classname="com.csd.testcases.CSDIncidentDetailsPage"/>
</testsuite> <!-- com.csd.testcases.CSDIncidentDetailsPage -->
