<?xml version="1.0" encoding="UTF-8"?>
<!-- Generated by org.testng.reporters.JUnitReportReporter -->
<testsuite skipped="0" hostname="W1651570" name="com.csd.CSDNewIncidentPageTest" tests="1" failures="0" timestamp="05 Feb 2018 11:17:33 GMT" time="28.433" errors="0">
  <testcase name="addNewIncidentTest" time="28.433" classname="com.csd.CSDNewIncidentPageTest"/>
</testsuite> <!-- com.csd.CSDNewIncidentPageTest -->
