<?xml version="1.0" encoding="UTF-8"?>
<!-- Generated by org.testng.reporters.JUnitReportReporter -->
<testsuite skipped="0" hostname="W1651570" name="com.csd.CSDIncidentContractPageTest" tests="1" failures="0" timestamp="05 Feb 2018 10:19:41 GMT" time="28.123" errors="0">
  <testcase name="showIncidentContractsTest" time="28.123" classname="com.csd.CSDIncidentContractPageTest"/>
</testsuite> <!-- com.csd.CSDIncidentContractPageTest -->
