<?xml version="1.0" encoding="UTF-8"?>
<!-- Generated by org.testng.reporters.JUnitReportReporter -->
<testsuite skipped="0" hostname="W1651570" name="com.csd.CSDIncidentDetailsPage" tests="2" failures="0" timestamp="05 Feb 2018 11:13:20 GMT" time="0.055" errors="0">
  <testcase name="showMessageSentFromIncidentTest" time="0.022" classname="com.csd.CSDIncidentDetailsPage"/>
  <testcase name="showIncidentNameandTimeTest" time="0.033" classname="com.csd.CSDIncidentDetailsPage"/>
</testsuite> <!-- com.csd.CSDIncidentDetailsPage -->
