<?xml version="1.0" encoding="UTF-8"?>
<!-- Generated by org.testng.reporters.JUnitReportReporter -->
<testsuite skipped="0" hostname="W1651570" name="com.csd.testcases.FirstTenHotelsTest" tests="1" failures="0" timestamp="02 Mar 2018 07:12:44 GMT" time="87.391" errors="0">
  <testcase name="viewFirstTenHotelsTest" time="87.391" classname="com.csd.testcases.FirstTenHotelsTest"/>
</testsuite> <!-- com.csd.testcases.FirstTenHotelsTest -->
