<?xml version="1.0" encoding="UTF-8"?>
<!-- Generated by org.testng.reporters.JUnitReportReporter -->
<testsuite skipped="0" hostname="W1651570" name="com.csd.CSDIncidentContractPageTest" tests="1" failures="0" timestamp="23 Jan 2018 11:53:57 GMT" time="29.398" errors="0">
  <testcase name="showIncidentContractsTest" time="29.398" classname="com.csd.CSDIncidentContractPageTest"/>
</testsuite> <!-- com.csd.CSDIncidentContractPageTest -->
