<?xml version="1.0" encoding="UTF-8"?>
<!-- Generated by org.testng.reporters.JUnitReportReporter -->
<testsuite skipped="0" hostname="W1651570" name="com.csd.CSDNewIncidentPageTest" tests="1" failures="0" timestamp="22 Jan 2018 10:45:01 GMT" time="27.004" errors="0">
  <testcase name="addNewIncidentTest" time="27.004" classname="com.csd.CSDNewIncidentPageTest"/>
</testsuite> <!-- com.csd.CSDNewIncidentPageTest -->
