<?xml version="1.0" encoding="UTF-8"?>
<!-- Generated by org.testng.reporters.JUnitReportReporter -->
<testsuite skipped="0" hostname="W1651570" name="com.csd.CSDPreferencesPageTest" tests="1" failures="0" timestamp="05 Jan 2018 12:40:14 GMT" time="29.999" errors="0">
  <testcase name="addPreferencesTest" time="29.999" classname="com.csd.CSDPreferencesPageTest"/>
</testsuite> <!-- com.csd.CSDPreferencesPageTest -->
