<?xml version="1.0" encoding="UTF-8"?>
<!-- Generated by org.testng.reporters.JUnitReportReporter -->
<testsuite skipped="0" hostname="W1651570" name="com.csd.CSDHomePageTest" tests="1" failures="0" timestamp="01 Jan 2018 10:28:05 GMT" time="19.324" errors="0">
  <testcase name="verifyHomePageTitleTest" time="19.324" classname="com.csd.CSDHomePageTest"/>
</testsuite> <!-- com.csd.CSDHomePageTest -->
