<?xml version="1.0" encoding="UTF-8"?>
<!-- Generated by org.testng.reporters.JUnitReportReporter -->
<testsuite skipped="0" hostname="W1651570" name="com.csd.CSDContractsPageTest" tests="10" failures="0" timestamp="03 Jan 2018 13:17:13 GMT" time="5.328" errors="0">
  <testcase name="verifyContractsPageLabel" time="0.057" classname="com.csd.CSDContractsPageTest"/>
  <testcase name="verifyHomePageTitleTest" time="0.012" classname="com.csd.CSDContractsPageTest"/>
  <testcase name="verifySearchBtnTest" time="0.038" classname="com.csd.CSDContractsPageTest"/>
  <testcase name="verifyNewBtnTest" time="0.051" classname="com.csd.CSDContractsPageTest"/>
  <testcase name="verifyNextPageBtnTest" time="0.044" classname="com.csd.CSDContractsPageTest"/>
  <testcase name="verifySearchFormTextboxTest" time="0.045" classname="com.csd.CSDContractsPageTest"/>
  <testcase name="selectContractTest" time="0.515" classname="com.csd.CSDContractsPageTest"/>
  <testcase name="searchContractTest" time="2.066" classname="com.csd.CSDContractsPageTest"/>
  <testcase name="clearSearchTest" time="1.289" classname="com.csd.CSDContractsPageTest"/>
  <testcase name="clickNextPageBtninContractspageTest" time="1.211" classname="com.csd.CSDContractsPageTest"/>
</testsuite> <!-- com.csd.CSDContractsPageTest -->
