<?xml version="1.0" encoding="UTF-8"?>
<!-- Generated by org.testng.reporters.JUnitReportReporter -->
<testsuite skipped="0" hostname="W1651570" name="com.csd.CSDPreferencesPageTest" tests="1" failures="0" timestamp="16 Jan 2018 12:23:08 GMT" time="22.526" errors="0">
  <testcase name="addPreferencesTest" time="22.526" classname="com.csd.CSDPreferencesPageTest"/>
</testsuite> <!-- com.csd.CSDPreferencesPageTest -->
