<?xml version="1.0" encoding="UTF-8"?>
<!-- Generated by org.testng.reporters.JUnitReportReporter -->
<testsuite skipped="0" hostname="W1651570" name="com.csd.CSDHomePageTest" tests="3" failures="0" timestamp="02 Jan 2018 08:43:58 GMT" time="62.745" errors="0">
  <testcase name="verifyHomePageTitleTest" time="25.321" classname="com.csd.CSDHomePageTest"/>
  <testcase name="verifyLogoutBtnExist" time="18.239" classname="com.csd.CSDHomePageTest"/>
  <testcase name="verifyPreferencesBtnExist" time="19.185" classname="com.csd.CSDHomePageTest"/>
</testsuite> <!-- com.csd.CSDHomePageTest -->
